<?xml version="1.0" encoding="UTF-8"?>
<testsuite xmlns:xsi="http://www.w3.org/2001/XMLSchema-instance" xsi:noNamespaceSchemaLocation="https://maven.apache.org/surefire/maven-surefire-plugin/xsd/surefire-test-report-3.0.xsd" version="3.0" name="com.sol.bookchat.BookchatApplicationTests" time="43.749" tests="1" errors="0" skipped="0" failures="0">
  <properties>
[...]
</properties>
  <testcase name="contextLoads" classname="com.sol.bookchat.BookchatApplicationTests" time="2.087">
    <system-out><![CDATA[10:29:03.919 [main] INFO org.springframework.test.context.support.AnnotationConfigContextLoaderUtils -- Could not detect default configuration classes for test class [com.sol.bookchat.BookchatApplicationTests]: BookchatApplicationTests does not declare any static, non-private, non-final, nested classes annotated with @Configuration.
10:29:04.480 [main] INFO org.springframework.boot.test.context.SpringBootTestContextBootstrapper -- Found @SpringBootConfiguration com.sol.bookchat.BookchatApplication for test class com.sol.bookchat.BookchatApplicationTests

  .   ____          _            __ _ _
 /\\ / ___'_ __ _ _(_)_ __  __ _ \ \ \ \
( ( )\___ | '_ | '_| | '_ \/ _` | \ \ \ \
 \\/  ___)| |_)| | | | | || (_| |  ) ) ) )
  '  |____| .__|_| |_|_| |_\__, | / / / /
 =========|_|==============|___/=/_/_/_/
 :: Spring Boot ::                (v3.1.0)

2023-12-20T10:29:07.002+02:00  INFO 12416 --- [           main] c.sol.bookchat.BookchatApplicationTests  : Starting BookchatApplicationTests using Java 20 with PID 12416 (started by gisub in D:\JAVA\Web-Tech\final-Project\bookchat-bc)
2023-12-20T10:29:07.028+02:00  INFO 12416 --- [           main] c.sol.bookchat.BookchatApplicationTests  : No active profile set, falling back to 1 default profile: "default"
2023-12-20T10:29:10.509+02:00  INFO 12416 --- [           main] .s.d.r.c.RepositoryConfigurationDelegate : Bootstrapping Spring Data JPA repositories in DEFAULT mode.
2023-12-20T10:29:10.773+02:00  INFO 12416 --- [           main] .s.d.r.c.RepositoryConfigurationDelegate : Finished Spring Data repository scanning in 235 ms. Found 2 JPA repository interfaces.
2023-12-20T10:29:12.922+02:00  INFO 12416 --- [           main] o.hibernate.jpa.internal.util.LogHelper  : HHH000204: Processing PersistenceUnitInfo [name: default]
2023-12-20T10:29:13.192+02:00  INFO 12416 --- [           main] org.hibernate.Version                    : HHH000412: Hibernate ORM core version 6.2.2.Final
2023-12-20T10:29:13.202+02:00  INFO 12416 --- [           main] org.hibernate.cfg.Environment            : HHH000406: Using bytecode reflection optimizer
2023-12-20T10:29:14.510+02:00  INFO 12416 --- [           main] o.h.b.i.BytecodeProviderInitiator        : HHH000021: Bytecode provider name : bytebuddy
2023-12-20T10:29:15.358+02:00  INFO 12416 --- [           main] o.s.o.j.p.SpringPersistenceUnitInfo      : No LoadTimeWeaver setup: ignoring JPA class transformer
2023-12-20T10:29:15.437+02:00  INFO 12416 --- [           main] com.zaxxer.hikari.HikariDataSource       : HikariPool-1 - Starting...
2023-12-20T10:29:31.252+02:00  INFO 12416 --- [           main] com.zaxxer.hikari.pool.HikariPool        : HikariPool-1 - Added connection org.postgresql.jdbc.PgConnection@3eac2e8a
2023-12-20T10:29:31.257+02:00  INFO 12416 --- [           main] com.zaxxer.hikari.HikariDataSource       : HikariPool-1 - Start completed.
2023-12-20T10:29:31.737+02:00  INFO 12416 --- [           main] org.hibernate.orm.dialect                : HHH035001: Using dialect: org.hibernate.dialect.PostgreSQLDialect, version: org.hibernate.engine.jdbc.env.internal.JdbcEnvironmentInitiator$DialectResolutionInfoImpl@3ef2b8e5
2023-12-20T10:29:33.549+02:00  INFO 12416 --- [           main] o.h.b.i.BytecodeProviderInitiator        : HHH000021: Bytecode provider name : bytebuddy
2023-12-20T10:29:36.900+02:00  INFO 12416 --- [           main] o.h.e.t.j.p.i.JtaPlatformInitiator       : HHH000490: Using JtaPlatform implementation: [org.hibernate.engine.transaction.jta.platform.internal.NoJtaPlatform]
Hibernate: 
    alter table if exists favorites 
       drop constraint if exists FKkhh3yefytmaw0bxj3ulsly8fc
Hibernate: 
    drop table if exists _user cascade
Hibernate: 
    drop table if exists favorites cascade
Hibernate: 
    create table _user (
        id bigserial not null,
        first_name varchar(100) not null,
        last_name varchar(100) not null,
        login varchar(100) not null,
        password varchar(100) not null,
        primary key (id)
    )
Hibernate: 
    create table favorites (
        is_watched boolean not null,
        type smallint check (type between 0 and 1),
        id bigserial not null,
        user_id bigint,
        imdbid varchar(255),
        poster varchar(255),
        title varchar(255),
        year varchar(255),
        primary key (id),
        constraint UKflwpjdqf11l3yvkcjwh5biw25 unique (user_id, imdbid)
    )
Hibernate: 
    alter table if exists favorites 
       add constraint FKkhh3yefytmaw0bxj3ulsly8fc 
       foreign key (user_id) 
       references _user
2023-12-20T10:29:39.182+02:00  INFO 12416 --- [           main] o.h.t.s.i.e.GenerationTargetToDatabase   : HHH000476: Executing script '[injected ScriptSourceInputNonExistentImpl script]'
2023-12-20T10:29:39.194+02:00  INFO 12416 --- [           main] j.LocalContainerEntityManagerFactoryBean : Initialized JPA EntityManagerFactory for persistence unit 'default'
2023-12-20T10:29:41.828+02:00  WARN 12416 --- [           main] JpaBaseConfiguration$JpaWebConfiguration : spring.jpa.open-in-view is enabled by default. Therefore, database queries may be performed during view rendering. Explicitly configure spring.jpa.open-in-view to disable this warning
2023-12-20T10:29:41.927+02:00  WARN 12416 --- [           main] .s.s.UserDetailsServiceAutoConfiguration : 

Using generated security password: 920ed5c9-30ab-4d65-8964-3b83f8d9be5d

This generated password is for development use only. Your security configuration must be updated before running your application in production.

2023-12-20T10:29:43.138+02:00  INFO 12416 --- [           main] o.s.s.web.DefaultSecurityFilterChain     : Will secure any request with [org.springframework.security.web.session.DisableEncodeUrlFilter@61627c9d, org.springframework.security.web.context.request.async.WebAsyncManagerIntegrationFilter@53c21c05, org.springframework.security.web.context.SecurityContextHolderFilter@5cf6ba1c, org.springframework.security.web.header.HeaderWriterFilter@77b01226, org.springframework.security.web.authentication.logout.LogoutFilter@2370c90, com.sol.bookchat.config.JwtAuthFilter@6f986031, org.springframework.security.web.savedrequest.RequestCacheAwareFilter@2fcad739, org.springframework.security.web.servletapi.SecurityContextHolderAwareRequestFilter@e98adb2, org.springframework.security.web.authentication.AnonymousAuthenticationFilter@38326fd5, org.springframework.security.web.session.SessionManagementFilter@6aed4a23, org.springframework.security.web.access.ExceptionTranslationFilter@519a81dd, org.springframework.security.web.access.intercept.AuthorizationFilter@17e4beda]
2023-12-20T10:29:44.490+02:00  INFO 12416 --- [           main] c.sol.bookchat.BookchatApplicationTests  : Started BookchatApplicationTests in 39.246 seconds (process running for 44.35)
]]></system-out>
  </testcase>
</testsuite>