<?xml version="1.0" encoding="UTF-8"?>
<testsuite xmlns:xsi="http://www.w3.org/2001/XMLSchema-instance" xsi:noNamespaceSchemaLocation="https://maven.apache.org/surefire/maven-surefire-plugin/xsd/surefire-test-report-3.0.xsd" version="3.0" name="com.sol.bookchat.BookchatApplicationTests" time="54.883" tests="1" errors="0" skipped="0" failures="0">
  <properties>
[...]
</properties>
  <testcase name="contextLoads" classname="com.sol.bookchat.BookchatApplicationTests" time="2.534">
    <system-out><![CDATA[11:22:27.627 [main] INFO org.springframework.test.context.support.AnnotationConfigContextLoaderUtils -- Could not detect default configuration classes for test class [com.sol.bookchat.BookchatApplicationTests]: BookchatApplicationTests does not declare any static, non-private, non-final, nested classes annotated with @Configuration.
11:22:28.269 [main] INFO org.springframework.boot.test.context.SpringBootTestContextBootstrapper -- Found @SpringBootConfiguration com.sol.bookchat.BookchatApplication for test class com.sol.bookchat.BookchatApplicationTests

  .   ____          _            __ _ _
 /\\ / ___'_ __ _ _(_)_ __  __ _ \ \ \ \
( ( )\___ | '_ | '_| | '_ \/ _` | \ \ \ \
 \\/  ___)| |_)| | | | | || (_| |  ) ) ) )
  '  |____| .__|_| |_|_| |_\__, | / / / /
 =========|_|==============|___/=/_/_/_/
 :: Spring Boot ::                (v3.1.0)

2023-12-17T11:22:30.705+02:00  INFO 23448 --- [           main] c.sol.bookchat.BookchatApplicationTests  : Starting BookchatApplicationTests using Java 20 with PID 23448 (started by gisub in D:\JAVA\Web-Tech\final-Project\bookchat-bc)
2023-12-17T11:22:30.715+02:00  INFO 23448 --- [           main] c.sol.bookchat.BookchatApplicationTests  : No active profile set, falling back to 1 default profile: "default"
2023-12-17T11:22:35.250+02:00  INFO 23448 --- [           main] .s.d.r.c.RepositoryConfigurationDelegate : Bootstrapping Spring Data JPA repositories in DEFAULT mode.
2023-12-17T11:22:35.492+02:00  INFO 23448 --- [           main] .s.d.r.c.RepositoryConfigurationDelegate : Finished Spring Data repository scanning in 215 ms. Found 2 JPA repository interfaces.
2023-12-17T11:22:38.621+02:00  INFO 23448 --- [           main] o.hibernate.jpa.internal.util.LogHelper  : HHH000204: Processing PersistenceUnitInfo [name: default]
2023-12-17T11:22:39.381+02:00  INFO 23448 --- [           main] org.hibernate.Version                    : HHH000412: Hibernate ORM core version 6.2.2.Final
2023-12-17T11:22:39.388+02:00  INFO 23448 --- [           main] org.hibernate.cfg.Environment            : HHH000406: Using bytecode reflection optimizer
2023-12-17T11:22:40.783+02:00  INFO 23448 --- [           main] o.h.b.i.BytecodeProviderInitiator        : HHH000021: Bytecode provider name : bytebuddy
2023-12-17T11:22:41.509+02:00  INFO 23448 --- [           main] o.s.o.j.p.SpringPersistenceUnitInfo      : No LoadTimeWeaver setup: ignoring JPA class transformer
2023-12-17T11:22:41.674+02:00  INFO 23448 --- [           main] com.zaxxer.hikari.HikariDataSource       : HikariPool-1 - Starting...
2023-12-17T11:23:00.175+02:00  INFO 23448 --- [           main] com.zaxxer.hikari.pool.HikariPool        : HikariPool-1 - Added connection org.postgresql.jdbc.PgConnection@ce561cc
2023-12-17T11:23:00.180+02:00  INFO 23448 --- [           main] com.zaxxer.hikari.HikariDataSource       : HikariPool-1 - Start completed.
2023-12-17T11:23:00.787+02:00  INFO 23448 --- [           main] org.hibernate.orm.dialect                : HHH035001: Using dialect: org.hibernate.dialect.PostgreSQLDialect, version: org.hibernate.engine.jdbc.env.internal.JdbcEnvironmentInitiator$DialectResolutionInfoImpl@701d2b59
2023-12-17T11:23:02.630+02:00  INFO 23448 --- [           main] o.h.b.i.BytecodeProviderInitiator        : HHH000021: Bytecode provider name : bytebuddy
2023-12-17T11:23:06.340+02:00  INFO 23448 --- [           main] o.h.e.t.j.p.i.JtaPlatformInitiator       : HHH000490: Using JtaPlatform implementation: [org.hibernate.engine.transaction.jta.platform.internal.NoJtaPlatform]
Hibernate: 
    alter table if exists favorites 
       drop constraint if exists FKkhh3yefytmaw0bxj3ulsly8fc
2023-12-17T11:23:07.053+02:00  WARN 23448 --- [           main] o.h.engine.jdbc.spi.SqlExceptionHelper   : SQL Warning Code: 0, SQLState: 00000
2023-12-17T11:23:07.054+02:00  WARN 23448 --- [           main] o.h.engine.jdbc.spi.SqlExceptionHelper   : relation "favorites" does not exist, skipping
Hibernate: 
    drop table if exists _user cascade
2023-12-17T11:23:07.380+02:00  WARN 23448 --- [           main] o.h.engine.jdbc.spi.SqlExceptionHelper   : SQL Warning Code: 0, SQLState: 00000
2023-12-17T11:23:07.381+02:00  WARN 23448 --- [           main] o.h.engine.jdbc.spi.SqlExceptionHelper   : table "_user" does not exist, skipping
Hibernate: 
    drop table if exists favorites cascade
2023-12-17T11:23:07.733+02:00  WARN 23448 --- [           main] o.h.engine.jdbc.spi.SqlExceptionHelper   : SQL Warning Code: 0, SQLState: 00000
2023-12-17T11:23:07.734+02:00  WARN 23448 --- [           main] o.h.engine.jdbc.spi.SqlExceptionHelper   : table "favorites" does not exist, skipping
Hibernate: 
    create table _user (
        id bigserial not null,
        first_name varchar(100) not null,
        last_name varchar(100) not null,
        login varchar(100) not null,
        password varchar(100) not null,
        primary key (id)
    )
Hibernate: 
    create table favorites (
        is_watched boolean not null,
        type smallint check (type between 0 and 1),
        id bigserial not null,
        user_id bigint,
        imdbid varchar(255),
        poster varchar(255),
        title varchar(255),
        year varchar(255),
        primary key (id),
        constraint UKflwpjdqf11l3yvkcjwh5biw25 unique (user_id, imdbid)
    )
Hibernate: 
    alter table if exists favorites 
       add constraint FKkhh3yefytmaw0bxj3ulsly8fc 
       foreign key (user_id) 
       references _user
2023-12-17T11:23:08.896+02:00  INFO 23448 --- [           main] o.h.t.s.i.e.GenerationTargetToDatabase   : HHH000476: Executing script '[injected ScriptSourceInputNonExistentImpl script]'
2023-12-17T11:23:08.908+02:00  INFO 23448 --- [           main] j.LocalContainerEntityManagerFactoryBean : Initialized JPA EntityManagerFactory for persistence unit 'default'
2023-12-17T11:23:13.592+02:00  WARN 23448 --- [           main] JpaBaseConfiguration$JpaWebConfiguration : spring.jpa.open-in-view is enabled by default. Therefore, database queries may be performed during view rendering. Explicitly configure spring.jpa.open-in-view to disable this warning
2023-12-17T11:23:13.671+02:00  WARN 23448 --- [           main] .s.s.UserDetailsServiceAutoConfiguration : 

Using generated security password: 13ffa583-e183-4755-ae8b-15600cf64caa

This generated password is for development use only. Your security configuration must be updated before running your application in production.

2023-12-17T11:23:17.466+02:00  INFO 23448 --- [           main] o.s.s.web.DefaultSecurityFilterChain     : Will secure any request with [org.springframework.security.web.session.DisableEncodeUrlFilter@be9bf2e, org.springframework.security.web.context.request.async.WebAsyncManagerIntegrationFilter@623d222, org.springframework.security.web.context.SecurityContextHolderFilter@1e9a10e9, org.springframework.security.web.header.HeaderWriterFilter@71842e18, org.springframework.security.web.authentication.logout.LogoutFilter@57a0aeb8, com.sol.bookchat.config.JwtAuthFilter@949f0d, org.springframework.security.web.savedrequest.RequestCacheAwareFilter@2370c90, org.springframework.security.web.servletapi.SecurityContextHolderAwareRequestFilter@14091e24, org.springframework.security.web.authentication.AnonymousAuthenticationFilter@4b3eaf39, org.springframework.security.web.session.SessionManagementFilter@7789526e, org.springframework.security.web.access.ExceptionTranslationFilter@7d3faf1d, org.springframework.security.web.access.intercept.AuthorizationFilter@629dfb5a]
2023-12-17T11:23:18.809+02:00  INFO 23448 --- [           main] c.sol.bookchat.BookchatApplicationTests  : Started BookchatApplicationTests in 49.667 seconds (process running for 55.681)
]]></system-out>
  </testcase>
</testsuite>